$ npm run lint -- --format=compact | grep no-unused-vars
/home/kalvis/git/@kobo/kpi/jsapp/js/account/accountFieldsEditor.component.tsx: line 101, col 53, Warning - 'e' is defined but never used. (@typescript-eslint/no-unused-vars)
/home/kalvis/git/@kobo/kpi/jsapp/js/account/organization/MemberRemoveModal.tsx: line 93, col 22, Warning - 'error' is defined but never used. (@typescript-eslint/no-unused-vars)
/home/kalvis/git/@kobo/kpi/jsapp/js/account/plans/confirmChangeModal.component.tsx: line 15, col 9, Warning - 'ChangePlanStatus' is defined but never used. (@typescript-eslint/no-unused-vars)
/home/kalvis/git/@kobo/kpi/jsapp/js/account/usage/usage.component.tsx: line 4, col 47, Warning - 'OneTimeAddOn' is defined but never used. (@typescript-eslint/no-unused-vars)
/home/kalvis/git/@kobo/kpi/jsapp/js/account/usage/yourPlan.component.tsx: line 10, col 3, Warning - 'PlanNames' is defined but never used. (@typescript-eslint/no-unused-vars)
/home/kalvis/git/@kobo/kpi/jsapp/js/account/usage/yourPlan.component.tsx: line 11, col 3, Warning - 'Product' is defined but never used. (@typescript-eslint/no-unused-vars)
/home/kalvis/git/@kobo/kpi/jsapp/js/actions.d.ts: line 190, col 11, Warning - 'navigation' is defined but never used. (@typescript-eslint/no-unused-vars)
/home/kalvis/git/@kobo/kpi/jsapp/js/actions.d.ts: line 193, col 11, Warning - 'auth' is defined but never used. (@typescript-eslint/no-unused-vars)
/home/kalvis/git/@kobo/kpi/jsapp/js/actions.d.ts: line 199, col 11, Warning - 'survey' is defined but never used. (@typescript-eslint/no-unused-vars)
/home/kalvis/git/@kobo/kpi/jsapp/js/actions.d.ts: line 200, col 11, Warning - 'search' is defined but never used. (@typescript-eslint/no-unused-vars)
/home/kalvis/git/@kobo/kpi/jsapp/js/actions.d.ts: line 201, col 11, Warning - 'resources' is defined but never used. (@typescript-eslint/no-unused-vars)
/home/kalvis/git/@kobo/kpi/jsapp/js/actions.d.ts: line 219, col 11, Warning - 'hooks' is defined but never used. (@typescript-eslint/no-unused-vars)
/home/kalvis/git/@kobo/kpi/jsapp/js/actions.d.ts: line 220, col 11, Warning - 'misc' is defined but never used. (@typescript-eslint/no-unused-vars)
/home/kalvis/git/@kobo/kpi/jsapp/js/actions.d.ts: line 223, col 11, Warning - 'reports' is defined but never used. (@typescript-eslint/no-unused-vars)
/home/kalvis/git/@kobo/kpi/jsapp/js/actions.d.ts: line 227, col 11, Warning - 'table' is defined but never used. (@typescript-eslint/no-unused-vars)
/home/kalvis/git/@kobo/kpi/jsapp/js/actions.d.ts: line 230, col 11, Warning - 'map' is defined but never used. (@typescript-eslint/no-unused-vars)
/home/kalvis/git/@kobo/kpi/jsapp/js/actions.d.ts: line 231, col 11, Warning - 'permissions' is defined but never used. (@typescript-eslint/no-unused-vars)
/home/kalvis/git/@kobo/kpi/jsapp/js/actions.d.ts: line 240, col 11, Warning - 'help' is defined but never used. (@typescript-eslint/no-unused-vars)
/home/kalvis/git/@kobo/kpi/jsapp/js/actions.d.ts: line 245, col 11, Warning - 'library' is defined but never used. (@typescript-eslint/no-unused-vars)
/home/kalvis/git/@kobo/kpi/jsapp/js/actions.d.ts: line 246, col 11, Warning - 'submissions' is defined but never used. (@typescript-eslint/no-unused-vars)
/home/kalvis/git/@kobo/kpi/jsapp/js/actions.d.ts: line 256, col 11, Warning - 'media' is defined but never used. (@typescript-eslint/no-unused-vars)
/home/kalvis/git/@kobo/kpi/jsapp/js/actions.d.ts: line 257, col 11, Warning - 'exports' is defined but never used. (@typescript-eslint/no-unused-vars)
/home/kalvis/git/@kobo/kpi/jsapp/js/actions.d.ts: line 260, col 11, Warning - 'dataShare' is defined but never used. (@typescript-eslint/no-unused-vars)
/home/kalvis/git/@kobo/kpi/jsapp/js/actions.es6: line 183, col 60, Warning - 'redeployment' is defined but never used. (no-unused-vars)
/home/kalvis/git/@kobo/kpi/jsapp/js/actions.es6: line 528, col 37, Warning - 'response' is defined but never used. (no-unused-vars)
/home/kalvis/git/@kobo/kpi/jsapp/js/actions.es6: line 531, col 34, Warning - 'response' is defined but never used. (no-unused-vars)
/home/kalvis/git/@kobo/kpi/jsapp/js/actions.es6: line 574, col 40, Warning - 'response' is defined but never used. (no-unused-vars)
/home/kalvis/git/@kobo/kpi/jsapp/js/actions.es6: line 577, col 37, Warning - 'response' is defined but never used. (no-unused-vars)
/home/kalvis/git/@kobo/kpi/jsapp/js/actions.es6: line 613, col 42, Warning - 'response' is defined but never used. (no-unused-vars)
/home/kalvis/git/@kobo/kpi/jsapp/js/actions.es6: line 616, col 39, Warning - 'response' is defined but never used. (no-unused-vars)
/home/kalvis/git/@kobo/kpi/jsapp/js/actions.es6: line 639, col 40, Warning - 'response' is defined but never used. (no-unused-vars)
/home/kalvis/git/@kobo/kpi/jsapp/js/actions/dataShareActions.es6: line 6, col 8, Warning - 'alertify' is defined but never used. (no-unused-vars)
/home/kalvis/git/@kobo/kpi/jsapp/js/app.jsx: line 34, col 10, Warning - 'ReactQueryDevtools' is defined but never used. (no-unused-vars)
/home/kalvis/git/@kobo/kpi/jsapp/js/components/RESTServices/RESTServicesList.es6: line 46, col 18, Warning - 'data' is defined but never used. (no-unused-vars)
/home/kalvis/git/@kobo/kpi/jsapp/js/components/bigModal/mfaModals.tsx: line 13, col 9, Warning - 'currentLang' is defined but never used. (@typescript-eslint/no-unused-vars)
/home/kalvis/git/@kobo/kpi/jsapp/js/components/common/ariaText.stories.tsx: line 1, col 8, Warning - 'React' is defined but never used. (@typescript-eslint/no-unused-vars)
/home/kalvis/git/@kobo/kpi/jsapp/js/components/common/diffValue.stories.tsx: line 1, col 8, Warning - 'React' is defined but never used. (@typescript-eslint/no-unused-vars)
/home/kalvis/git/@kobo/kpi/jsapp/js/components/formBuilder/formBuilderUtils.es6: line 203, col 11, Warning - 'j' is assigned a value but never used. (no-unused-vars)
/home/kalvis/git/@kobo/kpi/jsapp/js/components/formViewSideTabs.es6: line 13, col 27, Warning - 'FeatureFlag' is defined but never used. (no-unused-vars)
/home/kalvis/git/@kobo/kpi/jsapp/js/components/formViewSideTabs.es6: line 13, col 9, Warning - 'checkFeatureFlag' is defined but never used. (no-unused-vars)
/home/kalvis/git/@kobo/kpi/jsapp/js/components/header/accountMenu.tsx: line 10, col 9, Warning - 'actions' is defined but never used. (@typescript-eslint/no-unused-vars)
/home/kalvis/git/@kobo/kpi/jsapp/js/components/languages/languageSelector.tsx: line 173, col 16, Warning - 'error' is defined but never used. (@typescript-eslint/no-unused-vars)
/home/kalvis/git/@kobo/kpi/jsapp/js/components/languages/languageSelector.tsx: line 196, col 18, Warning - 'error' is defined but never used. (@typescript-eslint/no-unused-vars)
/home/kalvis/git/@kobo/kpi/jsapp/js/components/languages/languagesUtils.tsx: line 106, col 12, Warning - 'error' is defined but never used. (@typescript-eslint/no-unused-vars)
/home/kalvis/git/@kobo/kpi/jsapp/js/components/languages/languagesUtils.tsx: line 57, col 14, Warning - 'error' is defined but never used. (@typescript-eslint/no-unused-vars)
/home/kalvis/git/@kobo/kpi/jsapp/js/components/languages/languagesUtils.tsx: line 92, col 12, Warning - 'error' is defined but never used. (@typescript-eslint/no-unused-vars)
/home/kalvis/git/@kobo/kpi/jsapp/js/components/languages/regionSelector.tsx: line 80, col 16, Warning - 'error' is defined but never used. (@typescript-eslint/no-unused-vars)
/home/kalvis/git/@kobo/kpi/jsapp/js/components/library/assetPublicButton.tsx: line 2, col 8, Warning - 'bem' is defined but never used. (@typescript-eslint/no-unused-vars)
/home/kalvis/git/@kobo/kpi/jsapp/js/components/modalForms/languageForm.es6: line 131, col 11, Warning - 'hasErrors' is assigned a value but never used. (no-unused-vars)
/home/kalvis/git/@kobo/kpi/jsapp/js/components/permissions/copyTeamPermissions.component.tsx: line 4, col 14, Warning - 'SingleValue' is defined but never used. (@typescript-eslint/no-unused-vars)
/home/kalvis/git/@kobo/kpi/jsapp/js/components/permissions/transferProjects/transferProjectsInvite.component.tsx: line 44, col 10, Warning - 'searchParams' is assigned a value but never used. (@typescript-eslint/no-unused-vars)
/home/kalvis/git/@kobo/kpi/jsapp/js/components/permissions/utils.tests.ts: line 55, col 7, Warning - 'GENERAL_PERM_BY_BOTH_AND' is assigned a value but never used. (@typescript-eslint/no-unused-vars)
/home/kalvis/git/@kobo/kpi/jsapp/js/components/permissions/utils.tests.ts: line 72, col 7, Warning - 'GENERAL_PERM_BY_BOTH_OR' is assigned a value but never used. (@typescript-eslint/no-unused-vars)
/home/kalvis/git/@kobo/kpi/jsapp/js/components/processing/nlpUsageLimitBlockModal/nlpUsageLimitBlockModal.component.tsx: line 1, col 8, Warning - 'cx' is defined but never used. (@typescript-eslint/no-unused-vars)
/home/kalvis/git/@kobo/kpi/jsapp/js/components/processing/routes.utils.ts: line 4, col 34, Warning - 'useNavigate' is defined but never used. (@typescript-eslint/no-unused-vars)
/home/kalvis/git/@kobo/kpi/jsapp/js/components/processing/sidebar/sidebarSubmissionData.tsx: line 4, col 14, Warning - 'AssetContent' is defined but never used. (@typescript-eslint/no-unused-vars)
/home/kalvis/git/@kobo/kpi/jsapp/js/components/processing/transxAutomaticButton.tsx: line 98, col 14, Warning - 'error' is defined but never used. (@typescript-eslint/no-unused-vars)
/home/kalvis/git/@kobo/kpi/jsapp/js/components/processing/transxSelector.tsx: line 65, col 18, Warning - 'error' is defined but never used. (@typescript-eslint/no-unused-vars)
/home/kalvis/git/@kobo/kpi/jsapp/js/components/reports/customReportEditor.component.tsx: line 67, col 24, Warning - '_response' is defined but never used. (@typescript-eslint/no-unused-vars)
/home/kalvis/git/@kobo/kpi/jsapp/js/components/reports/reports.tsx: line 30, col 3, Warning - 'CHART_STYLES' is defined but never used. (@typescript-eslint/no-unused-vars)
/home/kalvis/git/@kobo/kpi/jsapp/js/components/submissions/submissionDataTable.tsx: line 25, col 3, Warning - 'QuestionTypeName' is defined but never used. (@typescript-eslint/no-unused-vars)
/home/kalvis/git/@kobo/kpi/jsapp/js/components/submissions/submissionDataTable.tsx: line 35, col 9, Warning - 'PROCESSING_QUESTION_TYPES' is defined but never used. (@typescript-eslint/no-unused-vars)
/home/kalvis/git/@kobo/kpi/jsapp/js/components/submissions/table.tsx: line 1403, col 21, Warning - '_' is assigned a value but never used. (@typescript-eslint/no-unused-vars)
/home/kalvis/git/@kobo/kpi/jsapp/js/components/usageLimits/useExceedingLimits.hook.ts: line 26, col 10, Warning - 'state' is assigned a value but never used. (@typescript-eslint/no-unused-vars)
/home/kalvis/git/@kobo/kpi/jsapp/js/components/usageLimits/useExceedingLimits.hook.ts: line 27, col 17, Warning - '_' is assigned a value but never used. (@typescript-eslint/no-unused-vars)
/home/kalvis/git/@kobo/kpi/jsapp/js/components/usageLimits/useExceedingLimits.hook.ts: line 5, col 9, Warning - 'convertSecondsToMinutes' is defined but never used. (@typescript-eslint/no-unused-vars)
/home/kalvis/git/@kobo/kpi/jsapp/js/editorMixins/cascadeMixin.es6: line 39, col 23, Warning - 'evt' is defined but never used. (no-unused-vars)
/home/kalvis/git/@kobo/kpi/jsapp/js/editorMixins/editableForm.es6: line 585, col 7, Warning - 'showAllOpen' is assigned a value but never used. (no-unused-vars)
/home/kalvis/git/@kobo/kpi/jsapp/js/main.es6: line 67, col 14, Warning - 'err' is defined but never used. (no-unused-vars)
/home/kalvis/git/@kobo/kpi/jsapp/js/mixins.tsx: line 6, col 9, Warning - 'stores' is defined but never used. (@typescript-eslint/no-unused-vars)
/home/kalvis/git/@kobo/kpi/jsapp/js/projects/customViewStore.tests.ts: line 19, col 13, Warning - 'store' is assigned a value but never used. (@typescript-eslint/no-unused-vars)
/home/kalvis/git/@kobo/kpi/jsapp/js/projects/customViewStore.tests.ts: line 8, col 13, Warning - 'store' is assigned a value but never used. (@typescript-eslint/no-unused-vars)
/home/kalvis/git/@kobo/kpi/jsapp/js/router/legacy.tsx: line 57, col 26, Warning - '_' is assigned a value but never used. (@typescript-eslint/no-unused-vars)
/home/kalvis/git/@kobo/kpi/jsapp/js/searches.d.ts: line 2, col 9, Warning - 'forceRefreshFormsList' is defined but never used. (@typescript-eslint/no-unused-vars)
/home/kalvis/git/@kobo/kpi/jsapp/js/stores.d.ts: line 15, col 9, Warning - 'allAssets' is defined but never used. (@typescript-eslint/no-unused-vars)
/home/kalvis/git/@kobo/kpi/jsapp/js/stores.d.ts: line 4, col 9, Warning - 'tags' is defined but never used. (@typescript-eslint/no-unused-vars)
/home/kalvis/git/@kobo/kpi/jsapp/js/stores.d.ts: line 5, col 9, Warning - 'surveyState' is defined but never used. (@typescript-eslint/no-unused-vars)
/home/kalvis/git/@kobo/kpi/jsapp/js/stores.d.ts: line 6, col 9, Warning - 'assetSearch' is defined but never used. (@typescript-eslint/no-unused-vars)
/home/kalvis/git/@kobo/kpi/jsapp/js/stores.d.ts: line 7, col 9, Warning - 'translations' is defined but never used. (@typescript-eslint/no-unused-vars)
/home/kalvis/git/@kobo/kpi/jsapp/js/stores.d.ts: line 8, col 9, Warning - 'snapshots' is defined but never used. (@typescript-eslint/no-unused-vars)
/home/kalvis/git/@kobo/kpi/jsapp/js/stores.d.ts: line 9, col 9, Warning - 'session' is defined but never used. (@typescript-eslint/no-unused-vars)
/home/kalvis/git/@kobo/kpi/jsapp/js/stores.es6: line 23, col 3, Warning - 'log' is defined but never used. (no-unused-vars)
/home/kalvis/git/@kobo/kpi/jsapp/js/stores.es6: line 28, col 7, Warning - 'cookies' is assigned a value but never used. (no-unused-vars)
/home/kalvis/git/@kobo/kpi/jsapp/js/stores/session.ts: line 111, col 14, Warning - 'err' is defined but never used. (@typescript-eslint/no-unused-vars)
/home/kalvis/git/@kobo/kpi/jsapp/js/stores/session.ts: line 8, col 20, Warning - 'handleApiFail' is defined but never used. (@typescript-eslint/no-unused-vars)
/home/kalvis/git/@kobo/kpi/jsapp/js/utils.ts: line 261, col 12, Warning - 'e' is defined but never used. (@typescript-eslint/no-unused-vars)
/home/kalvis/git/@kobo/kpi/jsapp/js/utils.ts: line 43, col 14, Warning - 'err' is defined but never used. (@typescript-eslint/no-unused-vars)