      1 
      1 361 problems
arrow-body-style - Warning - 94
import/no-duplicates - Warning - 20
import/no-named-as-default - Warning - 6
no-constant-binary-expression - Error - 2
no-duplicate-imports - Warning - 2
prefer-spread - Warning - 4
react/display-name - Warning - 6
react/no-deprecated - Warning - 10
react/no-direct-mutation-state - Warning - 14
react/no-find-dom-node - Warning - 14
react/no-string-refs - Warning - 12
react/no-unescaped-entities - Warning - 4
@typescript-eslint/consistent-type-definitions - Warning - 2
@typescript-eslint/no-dynamic-delete - Warning - 10
@typescript-eslint/no-empty-object-type - Error - 80
@typescript-eslint/no-shadow - Warning - 18
@typescript-eslint/no-unsafe-function-type - Error - 400
@typescript-eslint/no-wrapper-object-types - Error - 6
